CRITICAL - 2022-06-06 05:53:27 --> Undefined index: name
#0 D:\trupti\CRM1\CRM1\app\Models\HomeModel.php(15): CodeIgniter\Debug\Exceptions->errorHandler(8, 'Undefined index...', 'D:\\trupti\\CRM1\\...', 15, Array)
#1 D:\trupti\CRM1\CRM1\app\Controllers\Home.php(25): App\Models\HomeModel->insert_edit_user(Array)
#2 D:\trupti\CRM1\CRM1\system\CodeIgniter.php(832): App\Controllers\Home->lets_talk()
#3 D:\trupti\CRM1\CRM1\system\CodeIgniter.php(419): CodeIgniter\CodeIgniter->runController(Object(App\Controllers\Home))
#4 D:\trupti\CRM1\CRM1\system\CodeIgniter.php(326): CodeIgniter\CodeIgniter->handleRequest(NULL, Object(Config\Cache), false)
#5 D:\trupti\CRM1\CRM1\public\index.php(37): CodeIgniter\CodeIgniter->run()
#6 D:\trupti\CRM1\CRM1\system\Commands\Server\rewrite.php(43): require_once('D:\\trupti\\CRM1\\...')
#7 {main}
CRITICAL - 2022-06-06 05:57:18 --> Undefined index: name
#0 D:\trupti\CRM1\CRM1\app\Models\HomeModel.php(15): CodeIgniter\Debug\Exceptions->errorHandler(8, 'Undefined index...', 'D:\\trupti\\CRM1\\...', 15, Array)
#1 D:\trupti\CRM1\CRM1\app\Controllers\Home.php(25): App\Models\HomeModel->insert_edit_user(Array)
#2 D:\trupti\CRM1\CRM1\system\CodeIgniter.php(832): App\Controllers\Home->lets_talk()
#3 D:\trupti\CRM1\CRM1\system\CodeIgniter.php(419): CodeIgniter\CodeIgniter->runController(Object(App\Controllers\Home))
#4 D:\trupti\CRM1\CRM1\system\CodeIgniter.php(326): CodeIgniter\CodeIgniter->handleRequest(NULL, Object(Config\Cache), false)
#5 D:\trupti\CRM1\CRM1\public\index.php(37): CodeIgniter\CodeIgniter->run()
#6 D:\trupti\CRM1\CRM1\system\Commands\Server\rewrite.php(43): require_once('D:\\trupti\\CRM1\\...')
#7 {main}
CRITICAL - 2022-06-06 05:58:12 --> You must set the database table to be used with your query.
#0 D:\trupti\CRM1\CRM1\system\Model.php(545): CodeIgniter\Database\BaseConnection->table(NULL)
#1 D:\trupti\CRM1\CRM1\system\Model.php(722): CodeIgniter\Model->builder()
#2 D:\trupti\CRM1\CRM1\app\Controllers\Home.php(54): CodeIgniter\Model->__call('insert_edit_cur...', Array)
#3 D:\trupti\CRM1\CRM1\system\CodeIgniter.php(832): App\Controllers\Home->add_current_opennings()
#4 D:\trupti\CRM1\CRM1\system\CodeIgniter.php(419): CodeIgniter\CodeIgniter->runController(Object(App\Controllers\Home))
#5 D:\trupti\CRM1\CRM1\system\CodeIgniter.php(326): CodeIgniter\CodeIgniter->handleRequest(NULL, Object(Config\Cache), false)
#6 D:\trupti\CRM1\CRM1\public\index.php(37): CodeIgniter\CodeIgniter->run()
#7 D:\trupti\CRM1\CRM1\system\Commands\Server\rewrite.php(43): require_once('D:\\trupti\\CRM1\\...')
#8 {main}
ERROR - 2022-06-06 06:07:56 --> Error connecting to the database: Unknown database 'crm'
CRITICAL - 2022-06-06 06:07:56 --> Unable to connect to the database.
Main connection [MySQLi]: Unknown database 'crm'
#0 D:\trupti\CRM1\CRM1\system\Database\BaseConnection.php(577): CodeIgniter\Database\BaseConnection->initialize()
#1 D:\trupti\CRM1\CRM1\system\Database\BaseBuilder.php(1455): CodeIgniter\Database\BaseConnection->query('SELECT *\nFROM `...', Array, false)
#2 D:\trupti\CRM1\CRM1\app\Models\HomeModel.php(94): CodeIgniter\Database\BaseBuilder->get()
#3 D:\trupti\CRM1\CRM1\app\Controllers\Home.php(54): App\Models\HomeModel->insert_edit_current_opennings(Array, NULL)
#4 D:\trupti\CRM1\CRM1\system\CodeIgniter.php(832): App\Controllers\Home->add_current_opennings()
#5 D:\trupti\CRM1\CRM1\system\CodeIgniter.php(419): CodeIgniter\CodeIgniter->runController(Object(App\Controllers\Home))
#6 D:\trupti\CRM1\CRM1\system\CodeIgniter.php(326): CodeIgniter\CodeIgniter->handleRequest(NULL, Object(Config\Cache), false)
#7 D:\trupti\CRM1\CRM1\public\index.php(37): CodeIgniter\CodeIgniter->run()
#8 D:\trupti\CRM1\CRM1\system\Commands\Server\rewrite.php(43): require_once('D:\\trupti\\CRM1\\...')
#9 {main}
ERROR - 2022-06-06 06:08:08 --> Error connecting to the database: Unknown database 'crm'
CRITICAL - 2022-06-06 06:08:08 --> Unable to connect to the database.
Main connection [MySQLi]: Unknown database 'crm'
#0 D:\trupti\CRM1\CRM1\system\Database\BaseConnection.php(577): CodeIgniter\Database\BaseConnection->initialize()
#1 D:\trupti\CRM1\CRM1\system\Database\BaseBuilder.php(1455): CodeIgniter\Database\BaseConnection->query('SELECT *\nFROM `...', Array, false)
#2 D:\trupti\CRM1\CRM1\app\Models\HomeModel.php(94): CodeIgniter\Database\BaseBuilder->get()
#3 D:\trupti\CRM1\CRM1\app\Controllers\Home.php(54): App\Models\HomeModel->insert_edit_current_opennings(Array, NULL)
#4 D:\trupti\CRM1\CRM1\system\CodeIgniter.php(832): App\Controllers\Home->add_current_opennings()
#5 D:\trupti\CRM1\CRM1\system\CodeIgniter.php(419): CodeIgniter\CodeIgniter->runController(Object(App\Controllers\Home))
#6 D:\trupti\CRM1\CRM1\system\CodeIgniter.php(326): CodeIgniter\CodeIgniter->handleRequest(NULL, Object(Config\Cache), false)
#7 D:\trupti\CRM1\CRM1\public\index.php(37): CodeIgniter\CodeIgniter->run()
#8 D:\trupti\CRM1\CRM1\system\Commands\Server\rewrite.php(43): require_once('D:\\trupti\\CRM1\\...')
#9 {main}
ERROR - 2022-06-06 06:17:02 --> Error connecting to the database: Unknown database 'crm'
CRITICAL - 2022-06-06 06:17:02 --> Unable to connect to the database.
Main connection [MySQLi]: Unknown database 'crm'
#0 D:\trupti\CRM1\CRM1\system\Database\BaseConnection.php(577): CodeIgniter\Database\BaseConnection->initialize()
#1 D:\trupti\CRM1\CRM1\system\Database\BaseBuilder.php(1455): CodeIgniter\Database\BaseConnection->query('SELECT *\nFROM `...', Array, false)
#2 D:\trupti\CRM1\CRM1\app\Models\HomeModel.php(94): CodeIgniter\Database\BaseBuilder->get()
#3 D:\trupti\CRM1\CRM1\app\Controllers\Home.php(54): App\Models\HomeModel->insert_edit_current_opennings(Array, NULL)
#4 D:\trupti\CRM1\CRM1\system\CodeIgniter.php(832): App\Controllers\Home->add_current_opennings()
#5 D:\trupti\CRM1\CRM1\system\CodeIgniter.php(419): CodeIgniter\CodeIgniter->runController(Object(App\Controllers\Home))
#6 D:\trupti\CRM1\CRM1\system\CodeIgniter.php(326): CodeIgniter\CodeIgniter->handleRequest(NULL, Object(Config\Cache), false)
#7 D:\trupti\CRM1\CRM1\public\index.php(37): CodeIgniter\CodeIgniter->run()
#8 D:\trupti\CRM1\CRM1\system\Commands\Server\rewrite.php(43): require_once('D:\\trupti\\CRM1\\...')
#9 {main}
ERROR - 2022-06-06 06:21:08 --> Error connecting to the database: Unknown database 'crm'
CRITICAL - 2022-06-06 06:21:08 --> Unable to connect to the database.
Main connection [MySQLi]: Unknown database 'crm'
#0 D:\trupti\CRM1\CRM1\system\Database\BaseConnection.php(577): CodeIgniter\Database\BaseConnection->initialize()
#1 D:\trupti\CRM1\CRM1\system\Database\BaseBuilder.php(1455): CodeIgniter\Database\BaseConnection->query('SELECT *\nFROM `...', Array, false)
#2 D:\trupti\CRM1\CRM1\app\Models\HomeModel.php(94): CodeIgniter\Database\BaseBuilder->get()
#3 D:\trupti\CRM1\CRM1\app\Controllers\Home.php(54): App\Models\HomeModel->insert_edit_current_opennings(Array)
#4 D:\trupti\CRM1\CRM1\system\CodeIgniter.php(832): App\Controllers\Home->add_current_opennings()
#5 D:\trupti\CRM1\CRM1\system\CodeIgniter.php(419): CodeIgniter\CodeIgniter->runController(Object(App\Controllers\Home))
#6 D:\trupti\CRM1\CRM1\system\CodeIgniter.php(326): CodeIgniter\CodeIgniter->handleRequest(NULL, Object(Config\Cache), false)
#7 D:\trupti\CRM1\CRM1\public\index.php(37): CodeIgniter\CodeIgniter->run()
#8 D:\trupti\CRM1\CRM1\system\Commands\Server\rewrite.php(43): require_once('D:\\trupti\\CRM1\\...')
#9 {main}
ERROR - 2022-06-06 23:45:48 --> Error connecting to the database: Unknown database 'crm'
CRITICAL - 2022-06-06 23:45:48 --> Unable to connect to the database.
Main connection [MySQLi]: Unknown database 'crm'
#0 D:\trupti\CRM1\CRM1\system\Database\BaseConnection.php(577): CodeIgniter\Database\BaseConnection->initialize()
#1 D:\trupti\CRM1\CRM1\system\Database\BaseBuilder.php(1455): CodeIgniter\Database\BaseConnection->query('SELECT *\nFROM `...', Array, false)
#2 D:\trupti\CRM1\CRM1\app\Models\HomeModel.php(153): CodeIgniter\Database\BaseBuilder->get()
#3 D:\trupti\CRM1\CRM1\app\Controllers\Home.php(33): App\Models\HomeModel->get_currentopening_list()
#4 D:\trupti\CRM1\CRM1\system\CodeIgniter.php(832): App\Controllers\Home->current_opening()
#5 D:\trupti\CRM1\CRM1\system\CodeIgniter.php(419): CodeIgniter\CodeIgniter->runController(Object(App\Controllers\Home))
#6 D:\trupti\CRM1\CRM1\system\CodeIgniter.php(326): CodeIgniter\CodeIgniter->handleRequest(NULL, Object(Config\Cache), false)
#7 D:\trupti\CRM1\CRM1\public\index.php(37): CodeIgniter\CodeIgniter->run()
#8 D:\trupti\CRM1\CRM1\system\Commands\Server\rewrite.php(43): require_once('D:\\trupti\\CRM1\\...')
#9 {main}
